This is pdfTeX, Version 3.1415926-2.5-1.40.14 (TeX Live 2013) (format=pdflatex 2013.5.30)  28 OCT 2015 00:01
entering extended mode
 restricted \write18 enabled.
 file:line:error style messages enabled.
 %&-line parsing enabled.
**acl2015.sty
(./acl2015.sty
LaTeX2e <2011/06/27>
Babel <3.9f> and hyphenation patterns for 78 languages loaded.
Conference Style for ACL 2015 -- released December 7, 2014
\titlebox=\skip41

./acl2015.sty:159: LaTeX Error: Environment abstract undefined.

See the LaTeX manual or LaTeX Companion for explanation.
Type  H <return>  for immediate help.
 ...                                              
                                                  
l.159 \renewenvironment{abstract}
                                 %
? 
./acl2015.sty:159: Emergency stop.
 ...                                              
                                                  
l.159 \renewenvironment{abstract}
                                 %
Try typing  <return>  to proceed.
If that doesn't work, type  X <return>  to quit.

 
Here is how much of TeX's memory you used:
 16 strings out of 493315
 314 string characters out of 6137904
 52158 words of memory out of 5000000
 3566 multiletter control sequences out of 15000+600000
 3640 words of font info for 14 fonts, out of 8000000 for 9000
 957 hyphenation exceptions out of 8191
 8i,0n,10p,89b,14s stack positions out of 5000i,500n,10000p,200000b,80000s
./acl2015.sty:159:  ==> Fatal error occurred, no output PDF file produced!
